<?xml version="1.0" encoding="UTF-8"?>
<!-- Generated by org.testng.reporters.JUnitReportReporter -->
<testsuite hostname="LAPTOP-KAR4A207" failures="0" tests="1" name="testCases.TC001_AccountRegistrationTest" time="6.421" errors="0" timestamp="2025-04-09T13:23:55 IST" skipped="0">
  <testcase classname="testCases.TC001_AccountRegistrationTest" name="verify_account_registration" time="6.421"/>
</testsuite> <!-- testCases.TC001_AccountRegistrationTest -->
