<?xml version="1.0" encoding="UTF-8"?>
<!-- Generated by org.testng.reporters.JUnitReportReporter -->
<testsuite hostname="LAPTOP-KAR4A207" failures="0" tests="1" name="testCases.TC002_LoginPageTest" time="10.505" errors="0" timestamp="2025-04-09T13:23:55 IST" skipped="0">
  <testcase classname="testCases.TC002_LoginPageTest" name="verify_account_registration" time="10.505"/>
</testsuite> <!-- testCases.TC002_LoginPageTest -->
